0 info it worked if it ends with ok
1 verbose cli [ 'C:\\Program Files\\nodejs\\node.exe',
1 verbose cli   'C:\\Program Files\\nodejs\\node_modules\\npm\\bin\\npm-cli.js',
1 verbose cli   'run',
1 verbose cli   'babel-node',
1 verbose cli   '--presets',
1 verbose cli   'es2015',
1 verbose cli   '--',
1 verbose cli   'server.js' ]
2 info using npm@3.3.6
3 info using node@v5.0.0
4 verbose run-script [ 'prebabel-node', 'babel-node', 'postbabel-node' ]
5 info lifecycle redux-test@1.0.0~prebabel-node: redux-test@1.0.0
6 silly lifecycle redux-test@1.0.0~prebabel-node: no script for prebabel-node, continuing
7 info lifecycle redux-test@1.0.0~babel-node: redux-test@1.0.0
8 verbose lifecycle redux-test@1.0.0~babel-node: unsafe-perm in lifecycle true
9 verbose lifecycle redux-test@1.0.0~babel-node: PATH: C:\Program Files\nodejs\node_modules\npm\bin\node-gyp-bin;D:\redux-test\node_modules\.bin;C:\ProgramData\Oracle\Java\javapath;C:\WINDOWS\system32;C:\WINDOWS;C:\WINDOWS\System32\Wbem;C:\WINDOWS\System32\WindowsPowerShell\v1.0\;C:\Program Files (x86)\Git\cmd;C:\WINDOWS\system32\config\systemprofile\.dnx\bin;C:\Program Files\Microsoft DNX\Dnvm\;C:\Program Files\Java\jdk1.7.0_79\bin;C:\Program Files\Java\jdk1.7.0_79\jre\bin;C:\Python27;C:\Program Files (x86)\Skype\Phone\;C:\Program Files\nodejs\;F:\Go\bin;C:\Ruby192\bin;C:\Users\luoko\AppData\Local\Code\bin;C:\Users\luoko\AppData\Local\atom\bin;C:\Users\luoko\AppData\Roaming\npm;%USERPROFILE%\AppData\Local\Microsoft\WindowsApps;
10 verbose lifecycle redux-test@1.0.0~babel-node: CWD: D:\redux-test
11 silly lifecycle redux-test@1.0.0~babel-node: Args: [ '/d /s /c', 'babel-node "es2015" "server.js"' ]
12 silly lifecycle redux-test@1.0.0~babel-node: Returned: code: 1  signal: null
13 info lifecycle redux-test@1.0.0~babel-node: Failed to exec babel-node script
14 verbose stack Error: redux-test@1.0.0 babel-node: `babel-node "es2015" "server.js"`
14 verbose stack Exit status 1
14 verbose stack     at EventEmitter.<anonymous> (C:\Program Files\nodejs\node_modules\npm\lib\utils\lifecycle.js:233:16)
14 verbose stack     at emitTwo (events.js:87:13)
14 verbose stack     at EventEmitter.emit (events.js:172:7)
14 verbose stack     at ChildProcess.<anonymous> (C:\Program Files\nodejs\node_modules\npm\lib\utils\spawn.js:24:14)
14 verbose stack     at emitTwo (events.js:87:13)
14 verbose stack     at ChildProcess.emit (events.js:172:7)
14 verbose stack     at maybeClose (internal/child_process.js:818:16)
14 verbose stack     at Process.ChildProcess._handle.onexit (internal/child_process.js:211:5)
15 verbose pkgid redux-test@1.0.0
16 verbose cwd D:\redux-test
17 error Windows_NT 10.0.14393
18 error argv "C:\\Program Files\\nodejs\\node.exe" "C:\\Program Files\\nodejs\\node_modules\\npm\\bin\\npm-cli.js" "run" "babel-node" "--presets" "es2015" "--" "server.js"
19 error node v5.0.0
20 error npm  v3.3.6
21 error code ELIFECYCLE
22 error redux-test@1.0.0 babel-node: `babel-node "es2015" "server.js"`
22 error Exit status 1
23 error Failed at the redux-test@1.0.0 babel-node script 'babel-node "es2015" "server.js"'.
23 error This is most likely a problem with the redux-test package,
23 error not with npm itself.
23 error Tell the author that this fails on your system:
23 error     babel-node "es2015" "server.js"
23 error You can get their info via:
23 error     npm owner ls redux-test
23 error There is likely additional logging output above.
24 verbose exit [ 1, true ]
